<?xml version="1.0" encoding="UTF-8"?>
<!-- Generated by org.testng.reporters.JUnitXMLReporter -->
<testsuite hostname="W7-VDI-WDW1224" name="TestMaximoMultipleWOPage" tests="1" failures="1" timestamp="21 Jun 2016 04:10:23 GMT" time="62.345" errors="0">
  <testcase name="testPreventiveMaintenancePage" time="62.342" classname="com.mop.qa.test.bvt.TestMaximoMultipleWOPage">
    <failure type="junit.framework.AssertionFailedError" message="Exception on clicking webelement PM Taborg.openqa.selenium.NoSuchWindowException: no such window: target window already closed
from unknown error: web view not found
  (Session info: chrome=51.0.2704.103)
  (Driver info: chromedriver=2.14.313457 (3d645c400edf2e2c500566c9aa096063e707c9cf),platform=Windows NT 6.1 SP1 x86_64) (WARNING: The server did not provide any stacktrace information)
Command duration or timeout: 2 milliseconds
Build info: version: &amp;apos;2.45.0&amp;apos;, revision: &amp;apos;5017cb8e7ca8e37638dc3091b2440b90a1d8686f&amp;apos;, time: &amp;apos;2015-02-27 09:10:26&amp;apos;
System info: host: &amp;apos;W7-VDI-WDW1224&amp;apos;, ip: &amp;apos;10.207.12.60&amp;apos;, os.name: &amp;apos;Windows 7&amp;apos;, os.arch: &amp;apos;amd64&amp;apos;, os.version: &amp;apos;6.1&amp;apos;, java.version: &amp;apos;1.8.0_92&amp;apos;
Driver info: org.openqa.selenium.chrome.ChromeDriver
Capabilities [{applicationCacheEnabled=false, rotatable=false, mobileEmulationEnabled=false, chrome={userDataDir=C:\Users\KUYES001\AppData\Local\Temp\scoped_dir12480_19948}, takesHeapSnapshot=true, databaseEnabled=false, handlesAlerts=true, version=51.0.2704.103, platform=XP, browserConnectionEnabled=false, nativeEvents=true, acceptSslCerts=true, locationContextEnabled=true, webStorageEnabled=true, browserName=chrome, takesScreenshot=true, javascriptEnabled=true, cssSelectorsEnabled=true}]
Session ID: 953e8f72023f8943f8877a681a50cb0a
*** Element info: {Using=id, value=FavoriteApp_PM}">
      <![CDATA[junit.framework.AssertionFailedError: Exception on clicking webelement PM Taborg.openqa.selenium.NoSuchWindowException: no such window: target window already closed
from unknown error: web view not found
  (Session info: chrome=51.0.2704.103)
  (Driver info: chromedriver=2.14.313457 (3d645c400edf2e2c500566c9aa096063e707c9cf),platform=Windows NT 6.1 SP1 x86_64) (WARNING: The server did not provide any stacktrace information)
Command duration or timeout: 2 milliseconds
Build info: version: '2.45.0', revision: '5017cb8e7ca8e37638dc3091b2440b90a1d8686f', time: '2015-02-27 09:10:26'
System info: host: 'W7-VDI-WDW1224', ip: '10.207.12.60', os.name: 'Windows 7', os.arch: 'amd64', os.version: '6.1', java.version: '1.8.0_92'
Driver info: org.openqa.selenium.chrome.ChromeDriver
Capabilities [{applicationCacheEnabled=false, rotatable=false, mobileEmulationEnabled=false, chrome={userDataDir=C:\Users\KUYES001\AppData\Local\Temp\scoped_dir12480_19948}, takesHeapSnapshot=true, databaseEnabled=false, handlesAlerts=true, version=51.0.2704.103, platform=XP, browserConnectionEnabled=false, nativeEvents=true, acceptSslCerts=true, locationContextEnabled=true, webStorageEnabled=true, browserName=chrome, takesScreenshot=true, javascriptEnabled=true, cssSelectorsEnabled=true}]
Session ID: 953e8f72023f8943f8877a681a50cb0a
*** Element info: {Using=id, value=FavoriteApp_PM}
	at com.mop.qa.Utilities.ReportGenerator.logException(ReportGenerator.java:244)
	at com.mop.qa.testbase.PageBase.click(PageBase.java:303)
	at com.mop.qa.pageobject.MaximoMultipleWOFromPMPage.selectApp(MaximoMultipleWOFromPMPage.java:123)
	at com.mop.qa.test.bvt.TestMaximoMultipleWOPage.testPreventiveMaintenancePage(TestMaximoMultipleWOPage.java:34)
	at com.mop.qa.testrunner.TestRunner.testRunner(TestRunner.java:96)
... Removed 49 stack frames]]>
    </failure>
  </testcase> <!-- testPreventiveMaintenancePage -->
</testsuite> <!-- TestMaximoMultipleWOPage -->
