<?xml version="1.0" encoding="UTF-8"?>
<!-- Generated by org.testng.reporters.JUnitXMLReporter -->
<testsuite hostname="PC143319" name="TestDisney_PhotoPass" tests="1" failures="1" timestamp="25 Aug 2016 05:47:04 GMT" time="36.752" errors="0">
  <testcase name="testDisneyPhotoPass" time="24.541" classname="com.mop.qa.test.bvt.TestDisney_PhotoPass">
    <failure type="junit.framework.AssertionFailedError" message="Exception on Move to elementMy Disney Experienceorg.openqa.selenium.NoSuchElementException: no such element
  (Session info: chrome=52.0.2743.82)
  (Driver info: chromedriver=2.14.313457 (3d645c400edf2e2c500566c9aa096063e707c9cf),platform=Windows NT 6.1 SP1 x86) (WARNING: The server did not provide any stacktrace information)
Command duration or timeout: 926 milliseconds
For documentation on this error, please visit: http://seleniumhq.org/exceptions/no_such_element.html
Build info: version: &amp;apos;2.53.1&amp;apos;, revision: &amp;apos;a36b8b1cd5757287168e54b817830adce9b0158d&amp;apos;, time: &amp;apos;2016-06-30 19:26:09&amp;apos;
System info: host: &amp;apos;PC143319&amp;apos;, ip: &amp;apos;10.242.193.100&amp;apos;, os.name: &amp;apos;Windows 7&amp;apos;, os.arch: &amp;apos;x86&amp;apos;, os.version: &amp;apos;6.1&amp;apos;, java.version: &amp;apos;1.8.0_102&amp;apos;
Driver info: org.openqa.selenium.chrome.ChromeDriver
Capabilities [{applicationCacheEnabled=false, rotatable=false, mobileEmulationEnabled=false, chrome={userDataDir=C:\Users\585771\AppData\Local\Temp\scoped_dir1184_28324}, takesHeapSnapshot=true, databaseEnabled=false, handlesAlerts=true, version=52.0.2743.82, platform=XP, browserConnectionEnabled=false, nativeEvents=true, acceptSslCerts=true, locationContextEnabled=true, webStorageEnabled=true, browserName=chrome, takesScreenshot=true, javascriptEnabled=true, cssSelectorsEnabled=true}]
Session ID: 697f3eada372299a0e6c5143db430904
*** Element info: {Using=xpath, value=//*[@class=&amp;apos;myDisneyExperienceLogo&amp;apos;]}">
      <![CDATA[junit.framework.AssertionFailedError: Exception on Move to elementMy Disney Experienceorg.openqa.selenium.NoSuchElementException: no such element
  (Session info: chrome=52.0.2743.82)
  (Driver info: chromedriver=2.14.313457 (3d645c400edf2e2c500566c9aa096063e707c9cf),platform=Windows NT 6.1 SP1 x86) (WARNING: The server did not provide any stacktrace information)
Command duration or timeout: 926 milliseconds
For documentation on this error, please visit: http://seleniumhq.org/exceptions/no_such_element.html
Build info: version: '2.53.1', revision: 'a36b8b1cd5757287168e54b817830adce9b0158d', time: '2016-06-30 19:26:09'
System info: host: 'PC143319', ip: '10.242.193.100', os.name: 'Windows 7', os.arch: 'x86', os.version: '6.1', java.version: '1.8.0_102'
Driver info: org.openqa.selenium.chrome.ChromeDriver
Capabilities [{applicationCacheEnabled=false, rotatable=false, mobileEmulationEnabled=false, chrome={userDataDir=C:\Users\585771\AppData\Local\Temp\scoped_dir1184_28324}, takesHeapSnapshot=true, databaseEnabled=false, handlesAlerts=true, version=52.0.2743.82, platform=XP, browserConnectionEnabled=false, nativeEvents=true, acceptSslCerts=true, locationContextEnabled=true, webStorageEnabled=true, browserName=chrome, takesScreenshot=true, javascriptEnabled=true, cssSelectorsEnabled=true}]
Session ID: 697f3eada372299a0e6c5143db430904
*** Element info: {Using=xpath, value=//*[@class='myDisneyExperienceLogo']}
	at com.mop.qa.Utilities.ReportGenerator.logException(ReportGenerator.java:288)
	at com.mop.qa.testbase.PageBase.moveToElement(PageBase.java:2149)
	at com.mop.qa.pageobject.Disney_PhotoPass_Page.clickDisneyPhotopass(Disney_PhotoPass_Page.java:101)
	at com.mop.qa.test.bvt.TestDisney_PhotoPass.testDisneyPhotoPass(TestDisney_PhotoPass.java:22)
	at com.mop.qa.testrunner.TestRunner.main(TestRunner.java:83)
... Removed 21 stack frames]]>
    </failure>
  </testcase> <!-- testDisneyPhotoPass -->
</testsuite> <!-- TestDisney_PhotoPass -->
