<html>
<head>
<title>TestNG:  TestDisney_PhotoPass</title>
<link href="../testng.css" rel="stylesheet" type="text/css" />
<link href="../my-testng.css" rel="stylesheet" type="text/css" />

<style type="text/css">
.log { display: none;} 
.stack-trace { display: none;} 
</style>
<script type="text/javascript">
<!--
function flip(e) {
  current = e.style.display;
  if (current == 'block') {
    e.style.display = 'none';
    return 0;
  }
  else {
    e.style.display = 'block';
    return 1;
  }
}

function toggleBox(szDivId, elem, msg1, msg2)
{
  var res = -1;  if (document.getElementById) {
    res = flip(document.getElementById(szDivId));
  }
  else if (document.all) {
    // this is the way old msie versions work
    res = flip(document.all[szDivId]);
  }
  if(elem) {
    if(res == 0) elem.innerHTML = msg1; else elem.innerHTML = msg2;
  }

}

function toggleAllBoxes() {
  if (document.getElementsByTagName) {
    d = document.getElementsByTagName('div');
    for (i = 0; i < d.length; i++) {
      if (d[i].className == 'log') {
        flip(d[i]);
      }
    }
  }
}

// -->
</script>

</head>
<body>
<h2 align='center'>TestDisney_PhotoPass</h2><table border='1' align="center">
<tr>
<td>Tests passed/Failed/Skipped:</td><td>0/1/0</td>
</tr><tr>
<td>Started on:</td><td>Thu Aug 25 11:16:27 IST 2016</td>
</tr>
<tr><td>Total time:</td><td>36 seconds (36752 ms)</td>
</tr><tr>
<td>Included groups:</td><td></td>
</tr><tr>
<td>Excluded groups:</td><td></td>
</tr>
</table><p/>
<small><i>(Hover the method name to see the test class name)</i></small><p/>
<table width='100%' border='1' class='invocation-failed'>
<tr><td colspan='4' align='center'><b>FAILED TESTS</b></td></tr>
<tr><td><b>Test method</b></td>
<td width="30%"><b>Exception</b></td>
<td width="10%"><b>Time (seconds)</b></td>
<td><b>Instance</b></td>
</tr>
<tr>
<td title='com.mop.qa.test.bvt.TestDisney_PhotoPass.testDisneyPhotoPass()'><b>testDisneyPhotoPass</b><br>Test class: com.mop.qa.test.bvt.TestDisney_PhotoPass</td>
<td><div><pre>junit.framework.AssertionFailedError: Exception on Move to elementMy Disney Experienceorg.openqa.selenium.NoSuchElementException: no such element
  (Session info: chrome=52.0.2743.82)
  (Driver info: chromedriver=2.14.313457 (3d645c400edf2e2c500566c9aa096063e707c9cf),platform=Windows NT 6.1 SP1 x86) (WARNING: The server did not provide any stacktrace information)
Command duration or timeout: 926 milliseconds
For documentation on this error, please visit: http://seleniumhq.org/exceptions/no_such_element.html
Build info: version: &apos;2.53.1&apos;, revision: &apos;a36b8b1cd5757287168e54b817830adce9b0158d&apos;, time: &apos;2016-06-30 19:26:09&apos;
System info: host: &apos;PC143319&apos;, ip: &apos;10.242.193.100&apos;, os.name: &apos;Windows 7&apos;, os.arch: &apos;x86&apos;, os.version: &apos;6.1&apos;, java.version: &apos;1.8.0_102&apos;
Driver info: org.openqa.selenium.chrome.ChromeDriver
Capabilities [{applicationCacheEnabled=false, rotatable=false, mobileEmulationEnabled=false, chrome={userDataDir=C:\Users\585771\AppData\Local\Temp\scoped_dir1184_28324}, takesHeapSnapshot=true, databaseEnabled=false, handlesAlerts=true, version=52.0.2743.82, platform=XP, browserConnectionEnabled=false, nativeEvents=true, acceptSslCerts=true, locationContextEnabled=true, webStorageEnabled=true, browserName=chrome, takesScreenshot=true, javascriptEnabled=true, cssSelectorsEnabled=true}]
Session ID: 697f3eada372299a0e6c5143db430904
*** Element info: {Using=xpath, value=//*[@class=&apos;myDisneyExperienceLogo&apos;]}
	at com.mop.qa.Utilities.ReportGenerator.logException(ReportGenerator.java:288)
	at com.mop.qa.testbase.PageBase.moveToElement(PageBase.java:2149)
	at com.mop.qa.pageobject.Disney_PhotoPass_Page.clickDisneyPhotopass(Disney_PhotoPass_Page.java:101)
	at com.mop.qa.test.bvt.TestDisney_PhotoPass.testDisneyPhotoPass(TestDisney_PhotoPass.java:22)
	at com.mop.qa.testrunner.TestRunner.main(TestRunner.java:83)
... Removed 21 stack frames</pre></div><a href='#' onClick='toggleBox("stack-trace15181490", this, "Click to show all stack frames", "Click to hide stack frames")'>Click to show all stack frames</a>
<div class='stack-trace' id='stack-trace15181490'><pre>junit.framework.AssertionFailedError: Exception on Move to elementMy Disney Experienceorg.openqa.selenium.NoSuchElementException: no such element
  (Session info: chrome=52.0.2743.82)
  (Driver info: chromedriver=2.14.313457 (3d645c400edf2e2c500566c9aa096063e707c9cf),platform=Windows NT 6.1 SP1 x86) (WARNING: The server did not provide any stacktrace information)
Command duration or timeout: 926 milliseconds
For documentation on this error, please visit: http://seleniumhq.org/exceptions/no_such_element.html
Build info: version: &apos;2.53.1&apos;, revision: &apos;a36b8b1cd5757287168e54b817830adce9b0158d&apos;, time: &apos;2016-06-30 19:26:09&apos;
System info: host: &apos;PC143319&apos;, ip: &apos;10.242.193.100&apos;, os.name: &apos;Windows 7&apos;, os.arch: &apos;x86&apos;, os.version: &apos;6.1&apos;, java.version: &apos;1.8.0_102&apos;
Driver info: org.openqa.selenium.chrome.ChromeDriver
Capabilities [{applicationCacheEnabled=false, rotatable=false, mobileEmulationEnabled=false, chrome={userDataDir=C:\Users\585771\AppData\Local\Temp\scoped_dir1184_28324}, takesHeapSnapshot=true, databaseEnabled=false, handlesAlerts=true, version=52.0.2743.82, platform=XP, browserConnectionEnabled=false, nativeEvents=true, acceptSslCerts=true, locationContextEnabled=true, webStorageEnabled=true, browserName=chrome, takesScreenshot=true, javascriptEnabled=true, cssSelectorsEnabled=true}]
Session ID: 697f3eada372299a0e6c5143db430904
*** Element info: {Using=xpath, value=//*[@class=&apos;myDisneyExperienceLogo&apos;]}
	at com.mop.qa.Utilities.ReportGenerator.logException(ReportGenerator.java:288)
	at com.mop.qa.testbase.PageBase.moveToElement(PageBase.java:2149)
	at com.mop.qa.pageobject.Disney_PhotoPass_Page.clickDisneyPhotopass(Disney_PhotoPass_Page.java:101)
	at com.mop.qa.test.bvt.TestDisney_PhotoPass.testDisneyPhotoPass(TestDisney_PhotoPass.java:22)
	at sun.reflect.NativeMethodAccessorImpl.invoke0(Native Method)
	at sun.reflect.NativeMethodAccessorImpl.invoke(Unknown Source)
	at sun.reflect.DelegatingMethodAccessorImpl.invoke(Unknown Source)
	at java.lang.reflect.Method.invoke(Unknown Source)
	at org.testng.internal.MethodInvocationHelper.invokeMethod(MethodInvocationHelper.java:84)
	at org.testng.internal.Invoker.invokeMethod(Invoker.java:714)
	at org.testng.internal.Invoker.invokeTestMethod(Invoker.java:901)
	at org.testng.internal.Invoker.invokeTestMethods(Invoker.java:1231)
	at org.testng.internal.TestMethodWorker.invokeTestMethods(TestMethodWorker.java:127)
	at org.testng.internal.TestMethodWorker.run(TestMethodWorker.java:111)
	at org.testng.TestRunner.privateRun(TestRunner.java:767)
	at org.testng.TestRunner.run(TestRunner.java:617)
	at org.testng.SuiteRunner.runTest(SuiteRunner.java:348)
	at org.testng.SuiteRunner.runSequentially(SuiteRunner.java:343)
	at org.testng.SuiteRunner.privateRun(SuiteRunner.java:305)
	at org.testng.SuiteRunner.run(SuiteRunner.java:254)
	at org.testng.SuiteRunnerWorker.runSuite(SuiteRunnerWorker.java:52)
	at org.testng.SuiteRunnerWorker.run(SuiteRunnerWorker.java:86)
	at org.testng.TestNG.runSuitesSequentially(TestNG.java:1224)
	at org.testng.TestNG.runSuitesLocally(TestNG.java:1149)
	at org.testng.TestNG.run(TestNG.java:1057)
	at com.mop.qa.testrunner.TestRunner.main(TestRunner.java:83)
</pre></div></td>
<td>24</td>
<td>com.mop.qa.test.bvt.TestDisney_PhotoPass@11a7f8f</td></tr>
</table><p>
</body>
</html>