<?xml version="1.0" encoding="UTF-8"?>
<!-- Generated by org.testng.reporters.JUnitXMLReporter -->
<testsuite hostname="W7-VDI-WDW1224" name="TestDisneyWDW" tests="1" failures="1" timestamp="19 Aug 2016 13:41:46 GMT" time="107.587" errors="0">
  <testcase name="testDisneyWDW" time="95.823" classname="com.mop.qa.test.bvt.TestDisneyWDW">
    <failure type="junit.framework.AssertionFailedError" message="Exception on clicking webelement WDW Pageorg.openqa.selenium.TimeoutException: Timed out after 60 seconds waiting for element to be clickable: Proxy element for: DefaultElementLocator &amp;apos;By.id: wdw_choice_button&amp;apos;
Build info: version: &amp;apos;2.53.1&amp;apos;, revision: &amp;apos;a36b8b1cd5757287168e54b817830adce9b0158d&amp;apos;, time: &amp;apos;2016-06-30 19:26:09&amp;apos;
System info: host: &amp;apos;W7-VDI-WDW1224&amp;apos;, ip: &amp;apos;10.207.12.72&amp;apos;, os.name: &amp;apos;Windows 7&amp;apos;, os.arch: &amp;apos;amd64&amp;apos;, os.version: &amp;apos;6.1&amp;apos;, java.version: &amp;apos;1.8.0_92&amp;apos;
Driver info: org.openqa.selenium.chrome.ChromeDriver
Capabilities [{applicationCacheEnabled=false, rotatable=false, mobileEmulationEnabled=false, chrome={userDataDir=C:\Users\KUYES001\AppData\Local\Temp\scoped_dir29096_13598}, takesHeapSnapshot=true, databaseEnabled=false, handlesAlerts=true, version=52.0.2743.116, platform=XP, browserConnectionEnabled=false, nativeEvents=true, acceptSslCerts=true, locationContextEnabled=true, webStorageEnabled=true, browserName=chrome, takesScreenshot=true, javascriptEnabled=true, cssSelectorsEnabled=true}]
Session ID: 015b28ac7926b92f483fc2a135aac1d7">
      <![CDATA[junit.framework.AssertionFailedError: Exception on clicking webelement WDW Pageorg.openqa.selenium.TimeoutException: Timed out after 60 seconds waiting for element to be clickable: Proxy element for: DefaultElementLocator 'By.id: wdw_choice_button'
Build info: version: '2.53.1', revision: 'a36b8b1cd5757287168e54b817830adce9b0158d', time: '2016-06-30 19:26:09'
System info: host: 'W7-VDI-WDW1224', ip: '10.207.12.72', os.name: 'Windows 7', os.arch: 'amd64', os.version: '6.1', java.version: '1.8.0_92'
Driver info: org.openqa.selenium.chrome.ChromeDriver
Capabilities [{applicationCacheEnabled=false, rotatable=false, mobileEmulationEnabled=false, chrome={userDataDir=C:\Users\KUYES001\AppData\Local\Temp\scoped_dir29096_13598}, takesHeapSnapshot=true, databaseEnabled=false, handlesAlerts=true, version=52.0.2743.116, platform=XP, browserConnectionEnabled=false, nativeEvents=true, acceptSslCerts=true, locationContextEnabled=true, webStorageEnabled=true, browserName=chrome, takesScreenshot=true, javascriptEnabled=true, cssSelectorsEnabled=true}]
Session ID: 015b28ac7926b92f483fc2a135aac1d7
	at com.mop.qa.Utilities.ReportGenerator.logException(ReportGenerator.java:288)
	at com.mop.qa.testbase.PageBase.click(PageBase.java:622)
	at com.mop.qa.pageobject.Disney_WDW_Page.login(Disney_WDW_Page.java:56)
	at com.mop.qa.test.bvt.TestDisneyWDW.testDisneyWDW(TestDisneyWDW.java:24)
	at com.mop.qa.testrunner.TestRunner.main(TestRunner.java:87)
... Removed 21 stack frames]]>
    </failure>
  </testcase> <!-- testDisneyWDW -->
</testsuite> <!-- TestDisneyWDW -->
