<?xml version="1.0" encoding="UTF-8"?>
<!-- Generated by org.testng.reporters.JUnitXMLReporter -->
<testsuite hostname="PC168687" name="Test_Mirror" tests="1" failures="1" timestamp="9 Jun 2016 12:03:39 GMT" time="395.854" errors="0">
  <testcase name="testMirror" time="371.539" classname="com.mop.qa.test.bvt.Test_Mirror">
    <failure type="junit.framework.AssertionFailedError" message="Exception on scroll to elementorg.openqa.selenium.TimeoutException: timeout: Timed out receiving message from renderer: 225.263
  (Session info: chrome=51.0.2704.63)
  (Driver info: chromedriver=2.14.313457 (3d645c400edf2e2c500566c9aa096063e707c9cf),platform=Windows NT 6.1 SP1 x86) (WARNING: The server did not provide any stacktrace information)
Command duration or timeout: 300.58 seconds
Build info: version: &amp;apos;2.45.0&amp;apos;, revision: &amp;apos;5017cb8e7ca8e37638dc3091b2440b90a1d8686f&amp;apos;, time: &amp;apos;2015-02-27 09:10:26&amp;apos;
System info: host: &amp;apos;PC168687&amp;apos;, ip: &amp;apos;169.254.79.98&amp;apos;, os.name: &amp;apos;Windows 7&amp;apos;, os.arch: &amp;apos;x86&amp;apos;, os.version: &amp;apos;6.1&amp;apos;, java.version: &amp;apos;1.8.0_91&amp;apos;
Driver info: org.openqa.selenium.chrome.ChromeDriver
Capabilities [{applicationCacheEnabled=false, rotatable=false, mobileEmulationEnabled=false, chrome={userDataDir=C:\Users\426205\AppData\Local\Temp\scoped_dir10616_20338}, takesHeapSnapshot=true, databaseEnabled=false, handlesAlerts=true, version=51.0.2704.63, platform=XP, browserConnectionEnabled=false, nativeEvents=true, acceptSslCerts=true, locationContextEnabled=true, webStorageEnabled=true, browserName=chrome, takesScreenshot=true, javascriptEnabled=true, cssSelectorsEnabled=true}]
Session ID: b5c40d8611c239662487124fef07e647">
      <![CDATA[junit.framework.AssertionFailedError: Exception on scroll to elementorg.openqa.selenium.TimeoutException: timeout: Timed out receiving message from renderer: 225.263
  (Session info: chrome=51.0.2704.63)
  (Driver info: chromedriver=2.14.313457 (3d645c400edf2e2c500566c9aa096063e707c9cf),platform=Windows NT 6.1 SP1 x86) (WARNING: The server did not provide any stacktrace information)
Command duration or timeout: 300.58 seconds
Build info: version: '2.45.0', revision: '5017cb8e7ca8e37638dc3091b2440b90a1d8686f', time: '2015-02-27 09:10:26'
System info: host: 'PC168687', ip: '169.254.79.98', os.name: 'Windows 7', os.arch: 'x86', os.version: '6.1', java.version: '1.8.0_91'
Driver info: org.openqa.selenium.chrome.ChromeDriver
Capabilities [{applicationCacheEnabled=false, rotatable=false, mobileEmulationEnabled=false, chrome={userDataDir=C:\Users\426205\AppData\Local\Temp\scoped_dir10616_20338}, takesHeapSnapshot=true, databaseEnabled=false, handlesAlerts=true, version=51.0.2704.63, platform=XP, browserConnectionEnabled=false, nativeEvents=true, acceptSslCerts=true, locationContextEnabled=true, webStorageEnabled=true, browserName=chrome, takesScreenshot=true, javascriptEnabled=true, cssSelectorsEnabled=true}]
Session ID: b5c40d8611c239662487124fef07e647
	at com.mop.qa.Utilities.ReportGenerator.logException(ReportGenerator.java:244)
	at com.mop.qa.testbase.PageBase.scrollPage(PageBase.java:1182)
	at com.mop.qa.pageobject.MirrorHomePage.shareArticle(MirrorHomePage.java:69)
	at com.mop.qa.test.bvt.Test_Mirror.testMirror(Test_Mirror.java:21)
	at com.mop.qa.testbase.TestRunner.testRunner(TestRunner.java:96)
... Removed 49 stack frames]]>
    </failure>
  </testcase> <!-- testMirror -->
</testsuite> <!-- Test_Mirror -->
