<?xml version="1.0" encoding="UTF-8"?>
<!-- Generated by org.testng.reporters.JUnitReportReporter -->
<testsuite hostname="W7-VDI-WDW1224" name="com.mop.qa.test.bvt.TestDisneyWDW" tests="1" failures="0" timestamp="19 Aug 2016 13:41:47 GMT" time="95.824" errors="1">
  <testcase name="testDisneyWDW" time="95.824" classname="com.mop.qa.test.bvt.TestDisneyWDW">
    <error type="junit.framework.AssertionFailedError" message="Exception on clicking webelement WDW Pageorg.openqa.selenium.TimeoutException: Timed out after 60 seconds waiting for element to be clickable: Proxy element for: DefaultElementLocator &#039;By.id: wdw_choice_button&#039;
Build info: version: &#039;2.53.1&#039;, revision: &#039;a36b8b1cd5757287168e54b817830adce9b0158d&#039;, time: &#039;2016-06-30 19:26:09&#039;
System info: host: &#039;W7-VDI-WDW1224&#039;, ip: &#039;10.207.12.72&#039;, os.name: &#039;Windows 7&#039;, os.arch: &#039;amd64&#039;, os.version: &#039;6.1&#039;, java.version: &#039;1.8.0_92&#039;
Driver info: org.openqa.selenium.chrome.ChromeDriver
Capabilities [{applicationCacheEnabled=false, rotatable=false, mobileEmulationEnabled=false, chrome={userDataDir=C:\Users\KUYES001\AppData\Local\Temp\scoped_dir29096_13598}, takesHeapSnapshot=true, databaseEnabled=false, handlesAlerts=true, version=52.0.2743.116, platform=XP, browserConnectionEnabled=false, nativeEvents=true, acceptSslCerts=true, locationContextEnabled=true, webStorageEnabled=true, browserName=chrome, takesScreenshot=true, javascriptEnabled=true, cssSelectorsEnabled=true}]
Session ID: 015b28ac7926b92f483fc2a135aac1d7">
      <![CDATA[junit.framework.AssertionFailedError: Exception on clicking webelement WDW Pageorg.openqa.selenium.TimeoutException: Timed out after 60 seconds waiting for element to be clickable: Proxy element for: DefaultElementLocator 'By.id: wdw_choice_button'
Build info: version: '2.53.1', revision: 'a36b8b1cd5757287168e54b817830adce9b0158d', time: '2016-06-30 19:26:09'
System info: host: 'W7-VDI-WDW1224', ip: '10.207.12.72', os.name: 'Windows 7', os.arch: 'amd64', os.version: '6.1', java.version: '1.8.0_92'
Driver info: org.openqa.selenium.chrome.ChromeDriver
Capabilities [{applicationCacheEnabled=false, rotatable=false, mobileEmulationEnabled=false, chrome={userDataDir=C:\Users\KUYES001\AppData\Local\Temp\scoped_dir29096_13598}, takesHeapSnapshot=true, databaseEnabled=false, handlesAlerts=true, version=52.0.2743.116, platform=XP, browserConnectionEnabled=false, nativeEvents=true, acceptSslCerts=true, locationContextEnabled=true, webStorageEnabled=true, browserName=chrome, takesScreenshot=true, javascriptEnabled=true, cssSelectorsEnabled=true}]
Session ID: 015b28ac7926b92f483fc2a135aac1d7
	at com.mop.qa.Utilities.ReportGenerator.logException(ReportGenerator.java:288)
	at com.mop.qa.testbase.PageBase.click(PageBase.java:622)
	at com.mop.qa.pageobject.Disney_WDW_Page.login(Disney_WDW_Page.java:56)
	at com.mop.qa.test.bvt.TestDisneyWDW.testDisneyWDW(TestDisneyWDW.java:24)
	at sun.reflect.NativeMethodAccessorImpl.invoke0(Native Method)
	at sun.reflect.NativeMethodAccessorImpl.invoke(NativeMethodAccessorImpl.java:62)
	at sun.reflect.DelegatingMethodAccessorImpl.invoke(DelegatingMethodAccessorImpl.java:43)
	at java.lang.reflect.Method.invoke(Method.java:498)
	at org.testng.internal.MethodInvocationHelper.invokeMethod(MethodInvocationHelper.java:84)
	at org.testng.internal.Invoker.invokeMethod(Invoker.java:714)
	at org.testng.internal.Invoker.invokeTestMethod(Invoker.java:901)
	at org.testng.internal.Invoker.invokeTestMethods(Invoker.java:1231)
	at org.testng.internal.TestMethodWorker.invokeTestMethods(TestMethodWorker.java:127)
	at org.testng.internal.TestMethodWorker.run(TestMethodWorker.java:111)
	at org.testng.TestRunner.privateRun(TestRunner.java:767)
	at org.testng.TestRunner.run(TestRunner.java:617)
	at org.testng.SuiteRunner.runTest(SuiteRunner.java:348)
	at org.testng.SuiteRunner.runSequentially(SuiteRunner.java:343)
	at org.testng.SuiteRunner.privateRun(SuiteRunner.java:305)
	at org.testng.SuiteRunner.run(SuiteRunner.java:254)
	at org.testng.SuiteRunnerWorker.runSuite(SuiteRunnerWorker.java:52)
	at org.testng.SuiteRunnerWorker.run(SuiteRunnerWorker.java:86)
	at org.testng.TestNG.runSuitesSequentially(TestNG.java:1224)
	at org.testng.TestNG.runSuitesLocally(TestNG.java:1149)
	at org.testng.TestNG.run(TestNG.java:1057)
	at com.mop.qa.testrunner.TestRunner.main(TestRunner.java:87)
]]>
    </error>
  </testcase> <!-- testDisneyWDW -->
</testsuite> <!-- com.mop.qa.test.bvt.TestDisneyWDW -->
