<?xml version="1.0" encoding="UTF-8"?>
<!-- Generated by org.testng.reporters.JUnitReportReporter -->
<testsuite hostname="PC143319" name="com.mop.qa.test.bvt.TestDisney_PhotoPass" tests="1" failures="0" timestamp="25 Aug 2016 05:47:04 GMT" time="24.541" errors="1">
  <testcase name="testDisneyPhotoPass" time="24.541" classname="com.mop.qa.test.bvt.TestDisney_PhotoPass">
    <error type="junit.framework.AssertionFailedError" message="Exception on Move to elementMy Disney Experienceorg.openqa.selenium.NoSuchElementException: no such element
  (Session info: chrome=52.0.2743.82)
  (Driver info: chromedriver=2.14.313457 (3d645c400edf2e2c500566c9aa096063e707c9cf),platform=Windows NT 6.1 SP1 x86) (WARNING: The server did not provide any stacktrace information)
Command duration or timeout: 926 milliseconds
For documentation on this error, please visit: http://seleniumhq.org/exceptions/no_such_element.html
Build info: version: &#039;2.53.1&#039;, revision: &#039;a36b8b1cd5757287168e54b817830adce9b0158d&#039;, time: &#039;2016-06-30 19:26:09&#039;
System info: host: &#039;PC143319&#039;, ip: &#039;10.242.193.100&#039;, os.name: &#039;Windows 7&#039;, os.arch: &#039;x86&#039;, os.version: &#039;6.1&#039;, java.version: &#039;1.8.0_102&#039;
Driver info: org.openqa.selenium.chrome.ChromeDriver
Capabilities [{applicationCacheEnabled=false, rotatable=false, mobileEmulationEnabled=false, chrome={userDataDir=C:\Users\585771\AppData\Local\Temp\scoped_dir1184_28324}, takesHeapSnapshot=true, databaseEnabled=false, handlesAlerts=true, version=52.0.2743.82, platform=XP, browserConnectionEnabled=false, nativeEvents=true, acceptSslCerts=true, locationContextEnabled=true, webStorageEnabled=true, browserName=chrome, takesScreenshot=true, javascriptEnabled=true, cssSelectorsEnabled=true}]
Session ID: 697f3eada372299a0e6c5143db430904
*** Element info: {Using=xpath, value=//*[@class=&#039;myDisneyExperienceLogo&#039;]}">
      <![CDATA[junit.framework.AssertionFailedError: Exception on Move to elementMy Disney Experienceorg.openqa.selenium.NoSuchElementException: no such element
  (Session info: chrome=52.0.2743.82)
  (Driver info: chromedriver=2.14.313457 (3d645c400edf2e2c500566c9aa096063e707c9cf),platform=Windows NT 6.1 SP1 x86) (WARNING: The server did not provide any stacktrace information)
Command duration or timeout: 926 milliseconds
For documentation on this error, please visit: http://seleniumhq.org/exceptions/no_such_element.html
Build info: version: '2.53.1', revision: 'a36b8b1cd5757287168e54b817830adce9b0158d', time: '2016-06-30 19:26:09'
System info: host: 'PC143319', ip: '10.242.193.100', os.name: 'Windows 7', os.arch: 'x86', os.version: '6.1', java.version: '1.8.0_102'
Driver info: org.openqa.selenium.chrome.ChromeDriver
Capabilities [{applicationCacheEnabled=false, rotatable=false, mobileEmulationEnabled=false, chrome={userDataDir=C:\Users\585771\AppData\Local\Temp\scoped_dir1184_28324}, takesHeapSnapshot=true, databaseEnabled=false, handlesAlerts=true, version=52.0.2743.82, platform=XP, browserConnectionEnabled=false, nativeEvents=true, acceptSslCerts=true, locationContextEnabled=true, webStorageEnabled=true, browserName=chrome, takesScreenshot=true, javascriptEnabled=true, cssSelectorsEnabled=true}]
Session ID: 697f3eada372299a0e6c5143db430904
*** Element info: {Using=xpath, value=//*[@class='myDisneyExperienceLogo']}
	at com.mop.qa.Utilities.ReportGenerator.logException(ReportGenerator.java:288)
	at com.mop.qa.testbase.PageBase.moveToElement(PageBase.java:2149)
	at com.mop.qa.pageobject.Disney_PhotoPass_Page.clickDisneyPhotopass(Disney_PhotoPass_Page.java:101)
	at com.mop.qa.test.bvt.TestDisney_PhotoPass.testDisneyPhotoPass(TestDisney_PhotoPass.java:22)
	at sun.reflect.NativeMethodAccessorImpl.invoke0(Native Method)
	at sun.reflect.NativeMethodAccessorImpl.invoke(Unknown Source)
	at sun.reflect.DelegatingMethodAccessorImpl.invoke(Unknown Source)
	at java.lang.reflect.Method.invoke(Unknown Source)
	at org.testng.internal.MethodInvocationHelper.invokeMethod(MethodInvocationHelper.java:84)
	at org.testng.internal.Invoker.invokeMethod(Invoker.java:714)
	at org.testng.internal.Invoker.invokeTestMethod(Invoker.java:901)
	at org.testng.internal.Invoker.invokeTestMethods(Invoker.java:1231)
	at org.testng.internal.TestMethodWorker.invokeTestMethods(TestMethodWorker.java:127)
	at org.testng.internal.TestMethodWorker.run(TestMethodWorker.java:111)
	at org.testng.TestRunner.privateRun(TestRunner.java:767)
	at org.testng.TestRunner.run(TestRunner.java:617)
	at org.testng.SuiteRunner.runTest(SuiteRunner.java:348)
	at org.testng.SuiteRunner.runSequentially(SuiteRunner.java:343)
	at org.testng.SuiteRunner.privateRun(SuiteRunner.java:305)
	at org.testng.SuiteRunner.run(SuiteRunner.java:254)
	at org.testng.SuiteRunnerWorker.runSuite(SuiteRunnerWorker.java:52)
	at org.testng.SuiteRunnerWorker.run(SuiteRunnerWorker.java:86)
	at org.testng.TestNG.runSuitesSequentially(TestNG.java:1224)
	at org.testng.TestNG.runSuitesLocally(TestNG.java:1149)
	at org.testng.TestNG.run(TestNG.java:1057)
	at com.mop.qa.testrunner.TestRunner.main(TestRunner.java:83)
]]>
    </error>
  </testcase> <!-- testDisneyPhotoPass -->
</testsuite> <!-- com.mop.qa.test.bvt.TestDisney_PhotoPass -->
